<?xml version="1.0" encoding="UTF-8"?>
<!-- Generated by org.testng.reporters.JUnitXMLReporter -->
<testsuite hostname="admin-PC" name="Automation Practice Test case" tests="3" failures="0" timestamp="3 Feb 2021 11:18:43 GMT" time="55.132" errors="0">
  <testcase name="signTest" time="8.193" classname="com.test.VerifyLogin"/>
  <testcase name="loginTest" time="4.089" classname="com.test.VerifyLogin"/>
  <testcase name="storePage" time="24.538" classname="com.test.VerifyLogin"/>
</testsuite> <!-- Automation Practice Test case -->
