<?xml version="1.0" encoding="UTF-8"?>
<!-- Generated by org.testng.reporters.JUnitXMLReporter -->
<testsuite hostname="admin-PC" name="Automation Practice Test case" tests="3" failures="0" timestamp="3 Feb 2021 18:43:18 GMT" time="81.595" errors="0">
  <testcase name="signTest" time="10.383" classname="com.test.VerifyLogin"/>
  <testcase name="loginTest" time="5.242" classname="com.test.VerifyLogin"/>
  <testcase name="storePage" time="26.566" classname="com.test.VerifyLogin"/>
</testsuite> <!-- Automation Practice Test case -->
